<?xml version="1.0" encoding="UTF-8"?>
<testsuite name="SILab2Test" tests="1" skipped="0" failures="0" errors="0" timestamp="2023-05-29T15:32:27" hostname="DESKTOP-RJK9274" time="0.04">
  <properties/>
  <testcase name="branchTest()" classname="SILab2Test" time="0.04"/>
  <system-out><![CDATA[]]></system-out>
  <system-err><![CDATA[]]></system-err>
</testsuite>
